<?xml version="1.0" encoding="UTF-8" ?>
<testsuite tests="1" failures="0" name="com.kim.bloom.task.TaskTest" time="0.196" errors="1" skipped="0">
  <properties>
    <property name="java.runtime.name" value="Java(TM) SE Runtime Environment"/>
    <property name="java.vm.version" value="11.0.14+8-LTS-263"/>
    <property name="sun.boot.library.path" value="C:\Program Files\Java\jdk-11.0.14\bin"/>
    <property name="maven.multiModuleProjectDirectory" value="C:\Portfolio1\Bloom"/>
    <property name="java.vm.vendor" value="Oracle Corporation"/>
    <property name="java.vendor.url" value="https://openjdk.java.net/"/>
    <property name="guice.disable.misplaced.annotation.check" value="true"/>
    <property name="path.separator" value=";"/>
    <property name="java.vm.name" value="Java HotSpot(TM) 64-Bit Server VM"/>
    <property name="sun.os.patch.level" value=""/>
    <property name="user.script" value=""/>
    <property name="user.country" value="KR"/>
    <property name="sun.java.launcher" value="SUN_STANDARD"/>
    <property name="java.vm.specification.name" value="Java Virtual Machine Specification"/>
    <property name="user.dir" value="C:\Portfolio1\Bloom"/>
    <property name="java.vm.compressedOopsMode" value="Zero based"/>
    <property name="java.runtime.version" value="11.0.14+8-LTS-263"/>
    <property name="java.awt.graphicsenv" value="sun.awt.Win32GraphicsEnvironment"/>
    <property name="os.arch" value="amd64"/>
    <property name="java.io.tmpdir" value="C:\Users\A908\AppData\Local\Temp\"/>
    <property name="line.separator" value="
"/>
    <property name="java.vm.specification.vendor" value="Oracle Corporation"/>
    <property name="user.variant" value=""/>
    <property name="os.name" value="Windows 10"/>
    <property name="classworlds.conf" value="C:\Portfolio1\.metadata\.plugins\org.eclipse.m2e.launching\launches\m2conf5672696425716766301.tmp"/>
    <property name="jansi.force" value="true"/>
    <property name="sun.jnu.encoding" value="MS949"/>
    <property name="java.library.path" value="C:\Program Files\Java\jdk-11.0.14\bin;C:\Windows\Sun\Java\bin;C:\Windows\system32;C:\Windows;C:\Program Files\Java\jdk-11.0.14\bin;C:\Program Files\Common Files\Oracle\Java\javapath;C:\Program Files (x86)\NAT Service;C:\oraclexe\app\oracle\product\11.2.0\server\bin;C:\Windows\system32;C:\Windows;C:\Windows\System32\Wbem;C:\Windows\System32\WindowsPowerShell\v1.0\;C:\Windows\System32\OpenSSH\;C:\Program Files\MySQL\MySQL Server 8.0\bin;C:\Program Files (x86)\ePapyrus\Papyrus-PlugIn-web;C:\Program Files (x86)\ePapyrus\Papyrus-PlugIn-web\Addins;C:\Program Files\Git\cmd;C:\Program Files (x86)\PuTTY\;C:\Users\A908\AppData\Local\Microsoft\WindowsApps;C:\Microsoft VS Code\bin;JAVA_HOME%\bin;;."/>
    <property name="jansi.passthrough" value="true"/>
    <property name="jdk.debug" value="release"/>
    <property name="java.class.version" value="55.0"/>
    <property name="java.specification.name" value="Java Platform API Specification"/>
    <property name="sun.management.compiler" value="HotSpot 64-Bit Tiered Compilers"/>
    <property name="os.version" value="10.0"/>
    <property name="user.home" value="C:\Users\A908"/>
    <property name="user.timezone" value="Asia/Seoul"/>
    <property name="java.awt.printerjob" value="sun.awt.windows.WPrinterJob"/>
    <property name="file.encoding" value="UTF-8"/>
    <property name="java.specification.version" value="11"/>
    <property name="user.name" value="A908"/>
    <property name="java.class.path" value="C:\sts-4.13.1.RELEASE\plugins\org.eclipse.m2e.maven.runtime_1.18.1.20211011-2139\jars\plexus-classworlds-2.6.0.jar"/>
    <property name="java.vm.specification.version" value="11"/>
    <property name="sun.arch.data.model" value="64"/>
    <property name="sun.java.command" value="org.codehaus.plexus.classworlds.launcher.Launcher -B install -Dstyle.color=always"/>
    <property name="java.home" value="C:\Program Files\Java\jdk-11.0.14"/>
    <property name="user.language" value="ko"/>
    <property name="java.specification.vendor" value="Oracle Corporation"/>
    <property name="awt.toolkit" value="sun.awt.windows.WToolkit"/>
    <property name="java.vm.info" value="mixed mode"/>
    <property name="java.version" value="11.0.14"/>
    <property name="java.vendor" value="Oracle Corporation"/>
    <property name="maven.home" value="C:\Portfolio1\Bloom\EMBEDDED"/>
    <property name="style.color" value="always"/>
    <property name="file.separator" value="\"/>
    <property name="java.version.date" value="2022-01-18"/>
    <property name="java.vendor.url.bug" value="https://bugreport.java.com/bugreport/"/>
    <property name="sun.io.unicode.encoding" value="UnicodeLittle"/>
    <property name="sun.cpu.endian" value="little"/>
    <property name="java.vendor.version" value="18.9"/>
    <property name="sun.desktop" value="windows"/>
    <property name="sun.cpu.isalist" value="amd64"/>
  </properties>
  <testcase classname="com.kim.bloom.task.TaskTest" name="taskTests" time="0.196">
    <error type="java.lang.NullPointerException">java.lang.NullPointerException
	at com.kim.bloom.task.TaskTest.taskTests(TaskTest.java:71)
	at java.base/jdk.internal.reflect.NativeMethodAccessorImpl.invoke0(Native Method)
	at java.base/jdk.internal.reflect.NativeMethodAccessorImpl.invoke(NativeMethodAccessorImpl.java:62)
	at java.base/jdk.internal.reflect.DelegatingMethodAccessorImpl.invoke(DelegatingMethodAccessorImpl.java:43)
	at java.base/java.lang.reflect.Method.invoke(Method.java:566)
	at org.junit.runners.model.FrameworkMethod$1.runReflectiveCall(FrameworkMethod.java:50)
	at org.junit.internal.runners.model.ReflectiveCallable.run(ReflectiveCallable.java:12)
	at org.junit.runners.model.FrameworkMethod.invokeExplosively(FrameworkMethod.java:47)
	at org.junit.internal.runners.statements.InvokeMethod.evaluate(InvokeMethod.java:17)
	at org.springframework.test.context.junit4.statements.RunBeforeTestExecutionCallbacks.evaluate(RunBeforeTestExecutionCallbacks.java:74)
	at org.springframework.test.context.junit4.statements.RunAfterTestExecutionCallbacks.evaluate(RunAfterTestExecutionCallbacks.java:84)
	at org.springframework.test.context.junit4.statements.RunBeforeTestMethodCallbacks.evaluate(RunBeforeTestMethodCallbacks.java:75)
	at org.springframework.test.context.junit4.statements.RunAfterTestMethodCallbacks.evaluate(RunAfterTestMethodCallbacks.java:86)
	at org.springframework.test.context.junit4.statements.SpringRepeat.evaluate(SpringRepeat.java:84)
	at org.junit.runners.ParentRunner.runLeaf(ParentRunner.java:325)
	at org.springframework.test.context.junit4.SpringJUnit4ClassRunner.runChild(SpringJUnit4ClassRunner.java:251)
	at org.springframework.test.context.junit4.SpringJUnit4ClassRunner.runChild(SpringJUnit4ClassRunner.java:97)
	at org.junit.runners.ParentRunner$3.run(ParentRunner.java:290)
	at org.junit.runners.ParentRunner$1.schedule(ParentRunner.java:71)
	at org.junit.runners.ParentRunner.runChildren(ParentRunner.java:288)
	at org.junit.runners.ParentRunner.access$000(ParentRunner.java:58)
	at org.junit.runners.ParentRunner$2.evaluate(ParentRunner.java:268)
	at org.springframework.test.context.junit4.statements.RunBeforeTestClassCallbacks.evaluate(RunBeforeTestClassCallbacks.java:61)
	at org.springframework.test.context.junit4.statements.RunAfterTestClassCallbacks.evaluate(RunAfterTestClassCallbacks.java:70)
	at org.junit.runners.ParentRunner.run(ParentRunner.java:363)
	at org.springframework.test.context.junit4.SpringJUnit4ClassRunner.run(SpringJUnit4ClassRunner.java:190)
	at org.apache.maven.surefire.junit4.JUnit4Provider.execute(JUnit4Provider.java:252)
	at org.apache.maven.surefire.junit4.JUnit4Provider.executeTestSet(JUnit4Provider.java:141)
	at org.apache.maven.surefire.junit4.JUnit4Provider.invoke(JUnit4Provider.java:112)
	at java.base/jdk.internal.reflect.NativeMethodAccessorImpl.invoke0(Native Method)
	at java.base/jdk.internal.reflect.NativeMethodAccessorImpl.invoke(NativeMethodAccessorImpl.java:62)
	at java.base/jdk.internal.reflect.DelegatingMethodAccessorImpl.invoke(DelegatingMethodAccessorImpl.java:43)
	at java.base/java.lang.reflect.Method.invoke(Method.java:566)
	at org.apache.maven.surefire.util.ReflectionUtils.invokeMethodWithArray(ReflectionUtils.java:189)
	at org.apache.maven.surefire.booter.ProviderFactory$ProviderProxy.invoke(ProviderFactory.java:165)
	at org.apache.maven.surefire.booter.ProviderFactory.invokeProvider(ProviderFactory.java:85)
	at org.apache.maven.surefire.booter.ForkedBooter.runSuitesInProcess(ForkedBooter.java:115)
	at org.apache.maven.surefire.booter.ForkedBooter.main(ForkedBooter.java:75)
</error>
    <system-out>INFO : org.springframework.test.context.web.WebTestContextBootstrapper - Loaded default TestExecutionListener class names from location [META-INF/spring.factories]: [org.springframework.test.context.web.ServletTestExecutionListener, org.springframework.test.context.support.DirtiesContextBeforeModesTestExecutionListener, org.springframework.test.context.support.DependencyInjectionTestExecutionListener, org.springframework.test.context.support.DirtiesContextTestExecutionListener, org.springframework.test.context.transaction.TransactionalTestExecutionListener, org.springframework.test.context.jdbc.SqlScriptsTestExecutionListener, org.springframework.test.context.event.EventPublishingTestExecutionListener]
INFO : org.springframework.test.context.web.WebTestContextBootstrapper - Using TestExecutionListeners: [org.springframework.test.context.web.ServletTestExecutionListener@1b1426f4, org.springframework.test.context.support.DirtiesContextBeforeModesTestExecutionListener@32b260fa, org.springframework.test.context.support.DependencyInjectionTestExecutionListener@581ac8a8, org.springframework.test.context.support.DirtiesContextTestExecutionListener@6d4e5011, org.springframework.test.context.transaction.TransactionalTestExecutionListener@57d7f8ca, org.springframework.test.context.jdbc.SqlScriptsTestExecutionListener@76c3e77a, org.springframework.test.context.event.EventPublishingTestExecutionListener@78123e82]
INFO : com.zaxxer.hikari.HikariDataSource - HikariPool-1 - Starting...
INFO : jdbc.connection - 1. Connection opened
INFO : jdbc.audit - 1. Connection.new Connection returned 
INFO : com.zaxxer.hikari.pool.PoolBase - HikariPool-1 - Driver does not support get/set network timeout for connections. (Receiver class net.sf.log4jdbc.sql.jdbcapi.ConnectionSpy does not define or inherit an implementation of the resolved method abstract getNetworkTimeout()I of interface java.sql.Connection.)
INFO : jdbc.audit - 1. Connection.isReadOnly() returned false
INFO : jdbc.audit - 1. Connection.getAutoCommit() returned true
INFO : jdbc.audit - 1. Connection.isValid(1) returned true
INFO : jdbc.audit - 1. Connection.getTransactionIsolation() returned 4
INFO : com.zaxxer.hikari.pool.HikariPool - HikariPool-1 - Added connection net.sf.log4jdbc.sql.jdbcapi.ConnectionSpy@6079cf5
INFO : com.zaxxer.hikari.HikariDataSource - HikariPool-1 - Start completed.
INFO : jdbc.connection - 2. Connection opened
INFO : jdbc.audit - 2. Connection.new Connection returned 
INFO : jdbc.audit - 2. Connection.isReadOnly() returned false
INFO : jdbc.audit - 2. Connection.getAutoCommit() returned true
INFO : jdbc.connection - 3. Connection opened
INFO : jdbc.audit - 3. Connection.new Connection returned 
INFO : jdbc.audit - 3. Connection.isReadOnly() returned false
INFO : jdbc.audit - 3. Connection.getAutoCommit() returned true
INFO : jdbc.connection - 4. Connection opened
INFO : jdbc.audit - 4. Connection.new Connection returned 
INFO : jdbc.audit - 4. Connection.isReadOnly() returned false
INFO : jdbc.audit - 4. Connection.getAutoCommit() returned true
INFO : jdbc.connection - 5. Connection opened
INFO : jdbc.audit - 5. Connection.new Connection returned 
INFO : jdbc.audit - 5. Connection.isReadOnly() returned false
INFO : jdbc.audit - 5. Connection.getAutoCommit() returned true
INFO : jdbc.connection - 6. Connection opened
INFO : jdbc.audit - 6. Connection.new Connection returned 
INFO : jdbc.audit - 6. Connection.isReadOnly() returned false
INFO : jdbc.audit - 6. Connection.getAutoCommit() returned true
INFO : jdbc.connection - 7. Connection opened
INFO : jdbc.audit - 7. Connection.new Connection returned 
INFO : jdbc.audit - 7. Connection.isReadOnly() returned false
INFO : jdbc.audit - 7. Connection.getAutoCommit() returned true
INFO : jdbc.connection - 8. Connection opened
INFO : jdbc.audit - 8. Connection.new Connection returned 
INFO : jdbc.audit - 8. Connection.isReadOnly() returned false
INFO : jdbc.audit - 8. Connection.getAutoCommit() returned true
INFO : jdbc.connection - 9. Connection opened
INFO : jdbc.audit - 9. Connection.new Connection returned 
INFO : jdbc.audit - 9. Connection.isReadOnly() returned false
INFO : jdbc.audit - 9. Connection.getAutoCommit() returned true
INFO : jdbc.connection - 10. Connection opened
INFO : jdbc.audit - 10. Connection.new Connection returned 
INFO : jdbc.audit - 10. Connection.isReadOnly() returned false
INFO : jdbc.audit - 10. Connection.getAutoCommit() returned true
INFO : org.springframework.scheduling.annotation.ScheduledAnnotationBeanPostProcessor - No TaskScheduler/ScheduledExecutorService bean found for scheduled processing
INFO : jdbc.audit - 1. Connection.isValid(5) returned true
INFO : jdbc.audit - 1. Connection.getAutoCommit() returned true
INFO : jdbc.audit - 1. PreparedStatement.new PreparedStatement returned 
INFO : jdbc.audit - 1. Connection.prepareStatement(select * from bloom_image where uploadPath = DATE_FORMAT(DATE_ADD(NOW(), INTERVAL -1 DAY), &apos;%Y\%m\%d&apos;)) returned net.sf.log4jdbc.sql.jdbcapi.PreparedStatementSpy@1aa6e3c0
INFO : jdbc.sqlonly - select * from bloom_image where uploadPath = DATE_FORMAT(DATE_ADD(NOW(), INTERVAL -1 DAY), 
&apos;%Y\%m\%d&apos;) 

INFO : jdbc.sqltiming - select * from bloom_image where uploadPath = DATE_FORMAT(DATE_ADD(NOW(), INTERVAL -1 DAY), 
&apos;%Y\%m\%d&apos;) 
 {executed in 29 msec}
INFO : jdbc.audit - 1. PreparedStatement.execute() returned true
INFO : jdbc.resultset - 1. ResultSet.new ResultSet returned 
INFO : jdbc.audit - 1. PreparedStatement.getResultSet() returned net.sf.log4jdbc.sql.jdbcapi.ResultSetSpy@21f459fc
INFO : jdbc.resultset - 1. ResultSet.getMetaData() returned com.mysql.cj.jdbc.result.ResultSetMetaData@6ba7383d - Field level information: 
	com.mysql.cj.result.Field@3419e23b[dbName=bloom,tableName=bloom_image,originalTableName=bloom_image,columnName=bookId,originalColumnName=bookId,mysqlType=3(FIELD_TYPE_INT),sqlType=4,flags= MULTI_KEY, charsetIndex=63, charsetName=ISO-8859-1]
	com.mysql.cj.result.Field@710d89e2[dbName=bloom,tableName=bloom_image,originalTableName=bloom_image,columnName=fileName,originalColumnName=fileName,mysqlType=253(FIELD_TYPE_VARCHAR),sqlType=12,flags=, charsetIndex=255, charsetName=UTF-8]
	com.mysql.cj.result.Field@1d75e7af[dbName=bloom,tableName=bloom_image,originalTableName=bloom_image,columnName=uploadPath,originalColumnName=uploadPath,mysqlType=253(FIELD_TYPE_VARCHAR),sqlType=12,flags=, charsetIndex=255, charsetName=UTF-8]
	com.mysql.cj.result.Field@4fc142ec[dbName=bloom,tableName=bloom_image,originalTableName=bloom_image,columnName=uuid,originalColumnName=uuid,mysqlType=253(FIELD_TYPE_VARCHAR),sqlType=12,flags= PRIMARY_KEY, charsetIndex=255, charsetName=UTF-8]
INFO : jdbc.resultset - 1. ResultSet.getType() returned 1003
INFO : jdbc.resultset - 1. ResultSet.isClosed() returned false
INFO : jdbc.resultsettable - 
|-------|---------|-----------|-----|
|bookid |filename |uploadpath |uuid |
|-------|---------|-----------|-----|
|-------|---------|-----------|-----|

INFO : jdbc.resultset - 1. ResultSet.next() returned false
INFO : jdbc.resultset - 1. ResultSet.close() returned void
INFO : jdbc.audit - 1. Connection.getMetaData() returned com.mysql.cj.jdbc.DatabaseMetaDataUsingInfoSchema@62573c86
INFO : jdbc.audit - 1. PreparedStatement.getMoreResults() returned false
INFO : jdbc.audit - 1. PreparedStatement.getUpdateCount() returned -1
INFO : jdbc.audit - 1. PreparedStatement.close() returned 
INFO : jdbc.audit - 1. Connection.clearWarnings() returned 
fileList : 
============================
checkFilePath : 
============================
checkFilePath(����� �̹��� ���� �߰� ��) : 
============================
targetFile : 
</system-out>
    <system-err>Loading class `com.mysql.jdbc.Driver&apos;. This is deprecated. The new driver class is `com.mysql.cj.jdbc.Driver&apos;. The driver is automatically registered via the SPI and manual loading of the driver class is generally unnecessary.
</system-err>
  </testcase>
</testsuite>